[    0.000000] Initializing cgroup subsys cpuset
[    0.000000] Initializing cgroup subsys cpu
[    0.000000] Initializing cgroup subsys cpuacct
[    0.000000] Linux version 4.4.0-89-generic (buildd@lgw01-18) (gcc version 5.4.0 20160609 (Ubuntu 5.4.0-6ubuntu1~16.04.4) ) #112-Ubuntu SMP Mon Jul 31 19:38:41 UTC 2017 (Ubuntu 4.4.0-89.112-generic 4.4.76)
[    0.000000] Command line: BOOT_IMAGE=/boot/vmlinuz-4.4.0-89-generic root=LABEL=cloudimg-rootfs ro console=tty1 console=ttyS0
[    0.000000] KERNEL supported cpus:
[    0.000000]   Intel GenuineIntel
[    0.000000]   AMD AuthenticAMD
[    0.000000]   Centaur CentaurHauls
[    0.000000] x86/fpu: xstate_offset[2]:  576, xstate_sizes[2]:  256
[    0.000000] x86/fpu: Supporting XSAVE feature 0x01: 'x87 floating point registers'
[    0.000000] x86/fpu: Supporting XSAVE feature 0x02: 'SSE registers'
[    0.000000] x86/fpu: Supporting XSAVE feature 0x04: 'AVX registers'
[    0.000000] x86/fpu: Enabled xstate features 0x7, context size is 832 bytes, using 'standard' format.
[    0.000000] x86/fpu: Using 'lazy' FPU context switches.
[    0.000000] e820: BIOS-provided physical RAM map:
[    0.000000] BIOS-e820: [mem 0x0000000000000000-0x000000000009fbff] usable
[    0.000000] BIOS-e820: [mem 0x000000000009fc00-0x000000000009ffff] reserved
[    0.000000] BIOS-e820: [mem 0x00000000000f0000-0x00000000000fffff] reserved
[    0.000000] BIOS-e820: [mem 0x0000000000100000-0x000000003ffeffff] usable
[    0.000000] BIOS-e820: [mem 0x000000003fff0000-0x000000003fffffff] ACPI data
[    0.000000] BIOS-e820: [mem 0x00000000fec00000-0x00000000fec00fff] reserved
[    0.000000] BIOS-e820: [mem 0x00000000fee00000-0x00000000fee00fff] reserved
[    0.000000] BIOS-e820: [mem 0x00000000fffc0000-0x00000000ffffffff] reserved
[    0.000000] NX (Execute Disable) protection: active
[    0.000000] SMBIOS 2.5 present.
[    0.000000] Hypervisor detected: KVM
[    0.000000] e820: last_pfn = 0x3fff0 max_arch_pfn = 0x400000000
[    0.000000] MTRR: Disabled
[    0.000000] x86/PAT: MTRRs disabled, skipping PAT initialization too.
[    0.000000] x86/PAT: Configuration [0-7]: WB  WT  UC- UC  WB  WT  UC- UC  
[    0.000000] CPU MTRRs all blank - virtualized system.
[    0.000000] found SMP MP-table at [mem 0x0009fff0-0x0009ffff] mapped at [ffff88000009fff0]
[    0.000000] Scanning 1 areas for low memory corruption
[    0.000000] RAMDISK: [mem 0x36ac4000-0x37559fff]
[    0.000000] ACPI: Early table checksum verification disabled
[    0.000000] ACPI: RSDP 0x00000000000E0000 000024 (v02 VBOX  )
[    0.000000] ACPI: XSDT 0x000000003FFF0030 00003C (v01 VBOX   VBOXXSDT 00000001 ASL  00000061)
[    0.000000] ACPI: FACP 0x000000003FFF00F0 0000F4 (v04 VBOX   VBOXFACP 00000001 ASL  00000061)
[    0.000000] ACPI: DSDT 0x000000003FFF0470 0021C8 (v02 VBOX   VBOXBIOS 00000002 INTL 20100528)
[    0.000000] ACPI: FACS 0x000000003FFF0200 000040
[    0.000000] ACPI: FACS 0x000000003FFF0200 000040
[    0.000000] ACPI: APIC 0x000000003FFF0240 00005C (v02 VBOX   VBOXAPIC 00000001 ASL  00000061)
[    0.000000] ACPI: SSDT 0x000000003FFF02A0 0001CC (v01 VBOX   VBOXCPUT 00000002 INTL 20100528)
[    0.000000] No NUMA configuration found
[    0.000000] Faking a node at [mem 0x0000000000000000-0x000000003ffeffff]
[    0.000000] NODE_DATA(0) allocated [mem 0x3ffeb000-0x3ffeffff]
[    0.000000] kvm-clock: Using msrs 4b564d01 and 4b564d00
[    0.000000] kvm-clock: cpu 0, msr 0:3ffe3001, primary cpu clock
[    0.000000] kvm-clock: using sched offset of 3147448799 cycles
[    0.000000] clocksource: kvm-clock: mask: 0xffffffffffffffff max_cycles: 0x1cd42e4dffb, max_idle_ns: 881590591483 ns
[    0.000000] Zone ranges:
[    0.000000]   DMA      [mem 0x0000000000001000-0x0000000000ffffff]
[    0.000000]   DMA32    [mem 0x0000000001000000-0x000000003ffeffff]
[    0.000000]   Normal   empty
[    0.000000]   Device   empty
[    0.000000] Movable zone start for each node
[    0.000000] Early memory node ranges
[    0.000000]   node   0: [mem 0x0000000000001000-0x000000000009efff]
[    0.000000]   node   0: [mem 0x0000000000100000-0x000000003ffeffff]
[    0.000000] Initmem setup node 0 [mem 0x0000000000001000-0x000000003ffeffff]
[    0.000000] ACPI: PM-Timer IO Port: 0x4008
[    0.000000] IOAPIC[0]: apic_id 2, version 32, address 0xfec00000, GSI 0-23
[    0.000000] ACPI: INT_SRC_OVR (bus 0 bus_irq 0 global_irq 2 dfl dfl)
[    0.000000] ACPI: INT_SRC_OVR (bus 0 bus_irq 9 global_irq 9 high level)
[    0.000000] Using ACPI (MADT) for SMP configuration information
[    0.000000] smpboot: Allowing 2 CPUs, 0 hotplug CPUs
[    0.000000] PM: Registered nosave memory: [mem 0x00000000-0x00000fff]
[    0.000000] PM: Registered nosave memory: [mem 0x0009f000-0x0009ffff]
[    0.000000] PM: Registered nosave memory: [mem 0x000a0000-0x000effff]
[    0.000000] PM: Registered nosave memory: [mem 0x000f0000-0x000fffff]
[    0.000000] e820: [mem 0x40000000-0xfebfffff] available for PCI devices
[    0.000000] Booting paravirtualized kernel on KVM
[    0.000000] clocksource: refined-jiffies: mask: 0xffffffff max_cycles: 0xffffffff, max_idle_ns: 7645519600211568 ns
[    0.000000] setup_percpu: NR_CPUS:512 nr_cpumask_bits:512 nr_cpu_ids:2 nr_node_ids:1
[    0.000000] PERCPU: Embedded 33 pages/cpu @ffff88003fc00000 s98264 r8192 d28712 u1048576
[    0.000000] PV qspinlock hash table entries: 256 (order: 0, 4096 bytes)
[    0.000000] Built 1 zonelists in Node order, mobility grouping on.  Total pages: 257913
[    0.000000] Policy zone: DMA32
[    0.000000] Kernel command line: BOOT_IMAGE=/boot/vmlinuz-4.4.0-89-generic root=LABEL=cloudimg-rootfs ro console=tty1 console=ttyS0
[    0.000000] PID hash table entries: 4096 (order: 3, 32768 bytes)
[    0.000000] Memory: 1001736K/1048120K available (8474K kernel code, 1294K rwdata, 3984K rodata, 1488K init, 1316K bss, 46384K reserved, 0K cma-reserved)
[    0.000000] SLUB: HWalign=64, Order=0-3, MinObjects=0, CPUs=2, Nodes=1
[    0.000000] Hierarchical RCU implementation.
[    0.000000] 	Build-time adjustment of leaf fanout to 64.
[    0.000000] 	RCU restricting CPUs from NR_CPUS=512 to nr_cpu_ids=2.
[    0.000000] RCU: Adjusting geometry for rcu_fanout_leaf=64, nr_cpu_ids=2
[    0.000000] NR_IRQS:33024 nr_irqs:440 16
[    0.000000] Console: colour VGA+ 80x25
[    0.000000] console [tty1] enabled
[    0.000000] console [ttyS0] enabled
[    0.000000] tsc: Detected 1599.999 MHz processor
[    2.793159] Calibrating delay loop (skipped) preset value.. 3199.99 BogoMIPS (lpj=6399996)
[    2.860230] pid_max: default: 32768 minimum: 301
[    2.867335] ACPI: Core revision 20150930
[    2.905710] ACPI: 2 ACPI AML tables successfully acquired and loaded
[    2.973766] Security Framework initialized
[    3.004683] Yama: becoming mindful.
[    3.045472] AppArmor: AppArmor initialized
[    3.085731] Dentry cache hash table entries: 131072 (order: 8, 1048576 bytes)
[    3.089944] Inode-cache hash table entries: 65536 (order: 7, 524288 bytes)
[    3.099194] Mount-cache hash table entries: 2048 (order: 2, 16384 bytes)
[    3.145604] Mountpoint-cache hash table entries: 2048 (order: 2, 16384 bytes)
[    3.204595] Initializing cgroup subsys io
[    3.239400] Initializing cgroup subsys memory
[    3.275614] Initializing cgroup subsys devices
[    3.316199] Initializing cgroup subsys freezer
[    3.364118] Initializing cgroup subsys net_cls
[    3.385969] Initializing cgroup subsys perf_event
[    3.429177] Initializing cgroup subsys net_prio
[    3.492648] Initializing cgroup subsys hugetlb
[    3.538866] Initializing cgroup subsys pids
[    3.613641] CPU: Physical Processor ID: 0
[    3.656022] CPU: Processor Core ID: 0
[    3.677359] mce: CPU supports 0 MCE banks
[    3.690488] Last level iTLB entries: 4KB 64, 2MB 8, 4MB 8
[    3.732841] Last level dTLB entries: 4KB 64, 2MB 0, 4MB 0, 1GB 4
[    3.776117] Freeing SMP alternatives memory: 32K (ffffffff820b9000 - ffffffff820c1000)
[    3.799629] ftrace: allocating 32131 entries in 126 pages
[    3.903127] smpboot: APIC(0) Converting physical 0 to logical package 0
[    3.916575] smpboot: Max logical packages: 1
[    3.918121] x2apic enabled
[    3.941473] Switched APIC routing to physical x2apic.
[    3.970087] ..TIMER: vector=0x30 apic1=0 pin1=2 apic2=-1 pin2=-1
[    4.144303] smpboot: CPU0: Intel(R) Core(TM) i5-5250U CPU @ 1.60GHz (family: 0x6, model: 0x3d, stepping: 0x4)
[    4.257449] Performance Events: unsupported p6 CPU model 61 no PMU driver, software events only.
[    4.369049] KVM setup paravirtual spinlock
[    4.413748] x86: Booting SMP configuration:
[    4.457327] .... node  #0, CPUs:      #1
[    4.507410] kvm-clock: cpu 1, msr 0:3ffe3041, secondary cpu clock
[    4.511345] mce: CPU supports 0 MCE banks
[    4.514258] x86: Booted up 1 node, 2 CPUs
[    4.550891] smpboot: Total of 2 processors activated (6399.99 BogoMIPS)
[    4.614046] devtmpfs: initialized
[    4.632659] evm: security.selinux
[    4.662846] evm: security.SMACK64
[    4.690683] evm: security.SMACK64EXEC
[    4.729643] evm: security.SMACK64TRANSMUTE
[    4.769286] evm: security.SMACK64MMAP
[    4.795048] evm: security.ima
[    4.821457] evm: security.capability
[    4.853204] clocksource: jiffies: mask: 0xffffffff max_cycles: 0xffffffff, max_idle_ns: 7645041785100000 ns
[    4.906449] futex hash table entries: 512 (order: 3, 32768 bytes)
[    4.927246] pinctrl core: initialized pinctrl subsystem
[    4.962536] RTC time: 11:13:25, date: 08/17/17
[    4.992704] NET: Registered protocol family 16
[    5.025117] cpuidle: using governor ladder
[    5.044587] cpuidle: using governor menu
[    5.078506] PCCT header not found.
[    5.102621] ACPI: bus type PCI registered
[    5.125821] acpiphp: ACPI Hot Plug PCI Controller Driver version: 0.5
[    5.166336] PCI: Using configuration type 1 for base access
[    5.225681] ACPI: Added _OSI(Module Device)
[    5.253742] ACPI: Added _OSI(Processor Device)
[    5.292810] ACPI: Added _OSI(3.0 _SCP Extensions)
[    5.324906] ACPI: Added _OSI(Processor Aggregator Device)
[    5.361178] ACPI: Executed 1 blocks of module-level executable AML code
[    5.400152] ACPI: Interpreter enabled
[    5.415672] ACPI: (supports S0 S5)
[    5.444708] ACPI: Using IOAPIC for interrupt routing
[    5.491585] PCI: Using host bridge windows from ACPI; if necessary, use "pci=nocrs" and report a bug
[    5.560401] ACPI: PCI Root Bridge [PCI0] (domain 0000 [bus 00-ff])
[    5.606822] acpi PNP0A03:00: _OSC: OS supports [ASPM ClockPM Segments MSI]
[    5.652373] acpi PNP0A03:00: _OSC failed (AE_NOT_FOUND); disabling ASPM
[    5.690466] acpi PNP0A03:00: fail to add MMCONFIG information, can't access extended PCI configuration space under this bridge.
[    5.775500] PCI host bridge to bus 0000:00
[    5.820149] pci_bus 0000:00: root bus resource [io  0x0000-0x0cf7 window]
[    5.890923] pci_bus 0000:00: root bus resource [io  0x0d00-0xffff window]
[    5.928187] pci_bus 0000:00: root bus resource [mem 0x000a0000-0x000bffff window]
[    5.933831] pci_bus 0000:00: root bus resource [mem 0x40000000-0xffdfffff window]
[    5.939849] pci_bus 0000:00: root bus resource [bus 00-ff]
[    5.946708] pci 0000:00:01.1: legacy IDE quirk: reg 0x10: [io  0x01f0-0x01f7]
[    5.948846] pci 0000:00:01.1: legacy IDE quirk: reg 0x14: [io  0x03f6]
[    5.963998] pci 0000:00:01.1: legacy IDE quirk: reg 0x18: [io  0x0170-0x0177]
[    5.973106] pci 0000:00:01.1: legacy IDE quirk: reg 0x1c: [io  0x0376]
[    6.032037] pci 0000:00:07.0: quirk: [io  0x4000-0x403f] claimed by PIIX4 ACPI
[    6.042454] pci 0000:00:07.0: quirk: [io  0x4100-0x410f] claimed by PIIX4 SMB
[    6.073485] ACPI: PCI Interrupt Link [LNKA] (IRQs 5 9 10 *11)
[    6.104982] ACPI: PCI Interrupt Link [LNKB] (IRQs 5 9 10 *11)
[    6.165483] ACPI: PCI Interrupt Link [LNKC] (IRQs 5 9 *10 11)
[    6.169100] ACPI: PCI Interrupt Link [LNKD] (IRQs 5 *9 10 11)
[    6.173684] ACPI: Enabled 2 GPEs in block 00 to 07
[    6.177221] vgaarb: setting as boot device: PCI:0000:00:02.0
[    6.194783] vgaarb: device added: PCI:0000:00:02.0,decodes=io+mem,owns=io+mem,locks=none
[    6.237132] vgaarb: loaded
[    6.246654] vgaarb: bridge control possible 0000:00:02.0
[    6.264796] SCSI subsystem initialized
[    6.284435] ACPI: bus type USB registered
[    6.347656] usbcore: registered new interface driver usbfs
[    6.386057] usbcore: registered new interface driver hub
[    6.393070] usbcore: registered new device driver usb
[    6.394923] PCI: Using ACPI for IRQ routing
[    6.414396] NetLabel: Initializing
[    6.434596] NetLabel:  domain hash size = 128
[    6.448194] NetLabel:  protocols = UNLABELED CIPSOv4
[    6.485290] NetLabel:  unlabeled traffic allowed by default
[    6.525924] amd_nb: Cannot enumerate AMD northbridges
[    6.568938] clocksource: Switched to clocksource kvm-clock
[    6.612485] AppArmor: AppArmor Filesystem Enabled
[    6.696304] pnp: PnP ACPI init
[    6.760373] pnp: PnP ACPI: found 3 devices
[    6.832630] clocksource: acpi_pm: mask: 0xffffff max_cycles: 0xffffff, max_idle_ns: 2085701024 ns
[    7.007460] NET: Registered protocol family 2
[    7.017499] TCP established hash table entries: 8192 (order: 4, 65536 bytes)
[    7.149564] TCP bind hash table entries: 8192 (order: 5, 131072 bytes)
[    7.163983] TCP: Hash tables configured (established 8192 bind 8192)
[    7.174385] UDP hash table entries: 512 (order: 2, 16384 bytes)
[    7.189396] UDP-Lite hash table entries: 512 (order: 2, 16384 bytes)
[    7.220635] NET: Registered protocol family 1
[    7.227811] pci 0000:00:00.0: Limiting direct PCI/PCI transfers
[    7.235125] pci 0000:00:01.0: Activating ISA DMA hang workarounds
[    7.254995] Unpacking initramfs...
[    9.622921] Freeing initrd memory: 10840K (ffff880036ac4000 - ffff88003755a000)
[    9.657453] RAPL PMU detected, API unit is 2^-32 Joules, 4 fixed counters 10737418240 ms ovfl timer
[    9.688326] hw unit of domain pp0-core 2^-0 Joules
[    9.697522] hw unit of domain package 2^-0 Joules
[    9.699002] hw unit of domain dram 2^-0 Joules
[    9.722018] hw unit of domain pp1-gpu 2^-0 Joules
[    9.723712] platform rtc_cmos: registered platform RTC device (no PNP device found)
[    9.766280] Scanning for low memory corruption every 60 seconds
[    9.789380] audit: initializing netlink subsys (disabled)
[    9.812143] audit: type=2000 audit(1502968408.688:1): initialized
[    9.827127] Initialise system trusted keyring
[    9.837292] HugeTLB registered 2 MB page size, pre-allocated 0 pages
[    9.849875] zbud: loaded
[    9.868553] VFS: Disk quotas dquot_6.6.0
[    9.908285] VFS: Dquot-cache hash table entries: 512 (order 0, 4096 bytes)
[    9.917537] squashfs: version 4.0 (2009/01/31) Phillip Lougher
[    9.933681] fuse init (API version 7.23)
[    9.948570] Key type big_key registered
[    9.957035] Allocating IMA MOK and blacklist keyrings.
[    9.976226] Key type asymmetric registered
[    9.989352] Asymmetric key parser 'x509' registered
[    9.999115] Block layer SCSI generic (bsg) driver version 0.4 loaded (major 249)
[   10.001433] io scheduler noop registered
[   10.013513] io scheduler deadline registered (default)
[   10.021884] io scheduler cfq registered
[   10.028017] pci_hotplug: PCI Hot Plug PCI Core version: 0.5
[   10.045361] pciehp: PCI Express Hot Plug Controller Driver version: 0.4
[   10.079755] ACPI: AC Adapter [AC] (on-line)
[   10.125872] input: Power Button as /devices/LNXSYSTM:00/LNXPWRBN:00/input/input0
[   10.179122] ACPI: Power Button [PWRF]
[   10.203820] input: Sleep Button as /devices/LNXSYSTM:00/LNXSLPBN:00/input/input1
[   10.207770] ACPI: Sleep Button [SLPF]
[   10.246437] GHES: HEST is not enabled!
[   10.250777] ACPI: Battery Slot [BAT0] (battery present)
[   10.284882] Serial: 8250/16550 driver, 32 ports, IRQ sharing enabled
[   10.350291] 00:02: ttyS0 at I/O 0x3f8 (irq = 4, base_baud = 115200) is a 16550A
[   10.370357] Linux agpgart interface v0.103
[   10.402689] loop: module loaded
[   10.408078] scsi host0: ata_piix
[   10.412488] scsi host1: ata_piix
[   10.414231] ata1: PATA max UDMA/33 cmd 0x1f0 ctl 0x3f6 bmdma 0xd000 irq 14
[   10.431551] ata2: PATA max UDMA/33 cmd 0x170 ctl 0x376 bmdma 0xd008 irq 15
[   10.444739] libphy: Fixed MDIO Bus: probed
[   10.455201] tun: Universal TUN/TAP device driver, 1.6
[   10.476758] tun: (C) 1999-2004 Max Krasnyansky <maxk@qualcomm.com>
[   10.494549] PPP generic driver version 2.4.2
[   10.503510] ehci_hcd: USB 2.0 'Enhanced' Host Controller (EHCI) Driver
[   10.551388] ehci-pci: EHCI PCI platform driver
[   10.559124] ehci-platform: EHCI generic platform driver
[   10.607551] ohci_hcd: USB 1.1 'Open' Host Controller (OHCI) Driver
[   10.638242] ohci-pci: OHCI PCI platform driver
[   10.649959] ohci-platform: OHCI generic platform driver
[   10.656778] uhci_hcd: USB Universal Host Controller Interface driver
[   10.666924] i8042: PNP: PS/2 Controller [PNP0303:PS2K,PNP0f03:PS2M] at 0x60,0x64 irq 1,12
[   10.680468] serio: i8042 KBD port at 0x60,0x64 irq 1
[   10.692493] serio: i8042 AUX port at 0x60,0x64 irq 12
[   10.704393] mousedev: PS/2 mouse device common for all mice
[   10.712273] input: AT Translated Set 2 keyboard as /devices/platform/i8042/serio0/input/input2
[   10.721549] tsc: Refined TSC clocksource calibration: 1599.811 MHz
[   10.721552] clocksource: tsc: mask: 0xffffffffffffffff max_cycles: 0x170f7271657, max_idle_ns: 440795277860 ns
[   10.781930] rtc_cmos rtc_cmos: rtc core: registered rtc_cmos as rtc0
[   10.781999] rtc_cmos rtc_cmos: alarms up to one day, 114 bytes nvram
[   10.782009] i2c /dev entries driver
[   10.782072] device-mapper: uevent: version 1.0.3
[   10.782133] device-mapper: ioctl: 4.34.0-ioctl (2015-10-28) initialised: dm-devel@redhat.com
[   10.782153] ledtrig-cpu: registered to indicate activity on CPUs
[   10.817715] NET: Registered protocol family 10
[   10.817872] NET: Registered protocol family 17
[   10.817881] Key type dns_resolver registered
[   10.846058] microcode: CPU0 sig=0x306d4, pf=0x40, revision=0x0
[   10.846093] microcode: CPU1 sig=0x306d4, pf=0x40, revision=0x0
[   10.846176] microcode: Microcode Update Driver: v2.01 <tigran@aivazian.fsnet.co.uk>, Peter Oruba
[   10.846325] registered taskstats version 1
[   10.846345] Loading compiled-in X.509 certificates
[   10.847143] Loaded X.509 cert 'Build time autogenerated kernel key: 420a71e958a947963108b13c1c2e45412a03ca90'
[   10.847171] zswap: loaded using pool lzo/zbud
[   10.848680] Key type trusted registered
[   10.851122] Key type encrypted registered
[   10.851128] AppArmor: AppArmor sha1 policy hashing enabled
[   10.851130] ima: No TPM chip found, activating TPM-bypass!
[   10.851149] evm: HMAC attrs: 0x1
[   10.851560]   Magic number: 13:622:226
[   10.855266] rtc_cmos rtc_cmos: setting system clock to 2017-08-17 11:13:31 UTC (1502968411)
[   10.855418] BIOS EDD facility v0.16 2004-Jun-25, 0 devices found
[   10.855418] EDD information not available.
[   11.715365] Freeing unused kernel memory: 1488K (ffffffff81f45000 - ffffffff820b9000)
[   11.738598] Write protecting the kernel read-only data: 14336k
[   11.741363] Freeing unused kernel memory: 1752K (ffff88000184a000 - ffff880001a00000)
[   11.755731] Freeing unused kernel memory: 112K (ffff880001de4000 - ffff880001e00000)
Loading, please wait...
starting version[   11.877676] random: systemd-udevd: uninitialized urandom read (16 bytes read, 7 bits of entropy available)
 229
[   11.878742] random: udevadm: uninitialized urandom read (16 bytes read, 7 bits of entropy available)
[   11.878786] random: udevadm: uninitialized urandom read (16 bytes read, 7 bits of entropy available)
[   11.878990] random: udevadm: uninitialized urandom read (16 bytes read, 7 bits of entropy available)
[   11.879055] random: udevadm: uninitialized urandom read (16 bytes read, 7 bits of entropy available)
[   11.879125] random: udevadm: uninitialized urandom read (16 bytes read, 7 bits of entropy available)
[   11.879214] random: udevadm: uninitialized urandom read (16 bytes read, 7 bits of entropy available)
[   11.879425] random: udevadm: uninitialized urandom read (16 bytes read, 7 bits of entropy available)
[   11.879493] random: udevadm: uninitialized urandom read (16 bytes read, 7 bits of entropy available)
[   11.879557] random: udevadm: uninitialized urandom read (16 bytes read, 7 bits of entropy available)
[   12.041520] e1000: Intel(R) PRO/1000 Network Driver - version 7.3.21-k8-NAPI
[   12.064945] e1000: Copyright (c) 1999-2006 Intel Corporation.
[   12.075109] Fusion MPT base driver 3.04.20
[   12.079347] Copyright (c) 1999-2008 LSI Corporation
[   12.088867] Fusion MPT SPI Host driver 3.04.20
[   12.111011] AVX version of gcm_enc/dec engaged.
[   12.129401] AES CTR mode by8 optimization enabled
[   12.286750] input: ImExPS/2 Generic Explorer Mouse as /devices/platform/i8042/serio1/input/input4
[   12.494335] e1000 0000:00:03.0 eth0: (PCI:33MHz:32-bit) 02:c0:e2:3c:71:11
[   12.591898] e1000 0000:00:03.0 eth0: Intel(R) PRO/1000 Network Connection
[   12.596112] mptbase: ioc0: Initiating bringup
[   12.665840] ioc0: LSI53C1030 A0: Capabilities={Initiator}
[   12.841718] scsi host2: ioc0: LSI53C1030 A0, FwRev=00000000h, Ports=1, MaxQ=256, IRQ=20
[   12.965777] scsi 2:0:0:0: Direct-Access     VBOX     HARDDISK         1.0  PQ: 0 ANSI: 5
[   13.046097] scsi target2:0:0: Beginning Domain Validation
[   13.085557] scsi target2:0:0: Domain Validation skipping write tests
[   13.103667] scsi target2:0:0: Ending Domain Validation
[   13.113300] scsi target2:0:0: asynchronous
[   13.119073] scsi 2:0:1:0: Direct-Access     VBOX     HARDDISK         1.0  PQ: 0 ANSI: 5
[   13.151901] scsi target2:0:1: Beginning Domain Validation
[   13.157284] scsi target2:0:1: Domain Validation skipping write tests
[   13.188195] scsi target2:0:1: Ending Domain Validation
[   13.189669] scsi target2:0:1: asynchronous
[   13.202236] sd 2:0:0:0: Attached scsi generic sg0 type 0
[   13.220212] sd 2:0:0:0: [sda] 20971520 512-byte logical blocks: (10.7 GB/10.0 GiB)
[   13.238106] sd 2:0:0:0: [sda] Write Protect is off
[   13.242182] sd 2:0:1:0: Attached scsi generic sg1 type 0
[   13.244028] sd 2:0:1:0: [sdb] 20480 512-byte logical blocks: (10.5 MB/10.0 MiB)
[   13.264732] sd 2:0:0:0: [sda] Incomplete mode parameter data
[   13.266370] sd 2:0:0:0: [sda] Assuming drive cache: write through
[   13.272972] sd 2:0:1:0: [sdb] Write Protect is off
[   13.276778] sd 2:0:1:0: [sdb] Incomplete mode parameter data
[   13.281575] sd 2:0:1:0: [sdb] Assuming drive cache: write through
[   13.297892]  sda: sda1
[   13.308401] sd 2:0:1:0: [sdb] Attached SCSI disk
[   13.310520] sd 2:0:0:0: [sda] Attached SCSI disk
[   13.405467] e1000 0000:00:08.0 eth1: (PCI:33MHz:32-bit) 08:00:27:a1:8a:64
[   13.426442] e1000 0000:00:08.0 eth1: Intel(R) PRO/1000 Network Connection
[   13.448151] e1000 0000:00:08.0 enp0s8: renamed from eth1
[   13.465443] e1000 0000:00:03.0 enp0s3: renamed from eth0
[   15.081669] floppy0: no floppy controllers found
Begin: Loading e[   16.622951] md: linear personality registered for level -1
ssential drivers ... [   16.689486] md: multipath personality registered for level -4
[   16.738415] md: raid0 personality registered for level 0
[   16.801007] md: raid1 personality registered for level 1
[   16.921160] raid6: sse2x1   gen()  7231 MB/s
[   17.013597] raid6: sse2x1   xor()  4720 MB/s
[   17.085064] raid6: sse2x2   gen()  4292 MB/s
[   17.189155] raid6: sse2x2   xor()  5796 MB/s
[   17.333018] raid6: sse2x4   gen() 10659 MB/s
[   17.453261] raid6: sse2x4   xor()  7556 MB/s
[   17.468814] raid6: using algorithm sse2x4 gen() 10659 MB/s
[   17.483940] raid6: .... xor() 7556 MB/s, rmw enabled
[   17.505656] raid6: using ssse3x2 recovery algorithm
[   17.514089] xor: automatically using best checksumming function:
[   17.613040]    avx       : 16403.000 MB/sec
[   17.655132] async_tx: api initialized (async)
[   17.690524] md: raid6 personality registered for level 6
[   17.741582] md: raid5 personality registered for level 5
[   17.810956] md: raid4 personality registered for level 4
[   17.878950] md: raid10 personality registered for level 10
done.
Begin: Running /scripts/init-premount ... done[   17.923023] Btrfs loaded
.
Begin: Mounting root file system ... Begin: Running /scripts/local-top ... done.
Begin: Running /scripts/local-premount ... Scanning for Btr[   17.975915] EXT4-fs (sda1): mounted filesystem with ordered data mode. Opts: (null)
fs filesystems
done.
Warning: fsck not present, so skipping root file system
done.
Begin: Running /scripts/local-bottom ... done.
Begin: Running /scripts/init-bottom ... done.
[   18.262531] systemd[1]: systemd 229 running in system mode. (+PAM +AUDIT +SELINUX +IMA +APPARMOR +SMACK +SYSVINIT +UTMP +LIBCRYPTSETUP +GCRYPT +GNUTLS +ACL +XZ -LZ4 +SECCOMP +BLKID +ELFUTILS +KMOD -IDN)
[   18.442965] systemd[1]: Detected virtualization oracle.
[   18.481910] systemd[1]: Detected architecture x86-64.

Welcome to [1mUbuntu 16.04.3 LTS[0m!

[   18.570567] systemd[1]: Set hostname to <ubuntu>.
[   18.577384] systemd[1]: Initializing machine ID from random generator.
[   18.592072] systemd[1]: Installed transient /etc/machine-id file.
[   18.941758] systemd[1]: Listening on Journal Audit Socket.
[[0;32m  OK  [0m] Listening on Journal Audit Socket.
[   19.018308] systemd[1]: Created slice System Slice.
[[0;32m  OK  [0m] Created slice System Slice.
[   19.113854] systemd[1]: Reached target Encrypted Volumes.
[[0;32m  OK  [0m] Reached target Encrypted Volumes.
[   19.168880] systemd[1]: Started Trigger resolvconf update for networkd DNS.
[[0;32m  OK  [0m] Started Trigger resolvconf update for networkd DNS.
[   19.273754] systemd[1]: Reached target User and Group Name Lookups.
[[0;32m  OK  [0m] Reached target User and Group Name Lookups.
[   19.433803] systemd[1]: Listening on LVM2 poll daemon socket.
[[0;32m  OK  [0m] Listening on LVM2 poll daemon socket.
[   19.530558] systemd[1]: Listening on Journal Socket.
[[0;32m  OK  [0m] Listening on Journal Socket.
[   19.669712] systemd[1]: Starting Nameserver information manager...
         Starting Nameserver information manager...
[   19.737205] systemd[1]: Starting Remount Root and Kernel File Systems...
[   19.819413] random: nonblocking pool is initialized
         Starting Remount[   19.869504] EXT4-fs (sda1): re-mounted. Opts: (null)
 Root and Kernel File Systems...
[   19.906155] systemd[1]: Listening on Journal Socket (/dev/log).
[[0;32m  OK  [0m] Listening on Journal Socket (/dev/log).
[   20.005959] systemd[1]: Set up automount Arbitrary Executable File Formats File System Automount Point.
[[0;32m  OK  [0m] Set up automount Arbitrary Executab...ats File System Automount Point.
[   20.057644] systemd[1]: Listening on /dev/initctl Compatibility Named Pipe.
[[0;32m  OK  [0m] Listening on /dev/initctl Compatibility Named Pipe.
[   20.229992] systemd[1]: Listening on udev Control Socket.
[[0;32m  OK  [0m] Listening on udev Control Socket.
[   20.361657] systemd[1]: Starting Set console keymap...
         Starting Set console keymap...
[   20.414839] systemd[1]: Created slice User and Session Slice.
[[0;32m  OK  [0m] Created slice User and Session Slice.
[   20.508305] systemd[1]: Reached target Slices.
[[0;32m  OK  [0m] Reached target Slices.
[   20.534667] systemd[1]: Created slice system-serial\x2dgetty.slice.
[[0;32m  OK  [0m] Created slice system-serial\x2dgetty.slice.
[   20.685547] systemd[1]: Listening on Device-mapper event daemon FIFOs.
[[0;32m  OK  [0m] Listening on Device-mapper event daemon FIFOs.
[   20.730135] systemd[1]: Listening on udev Kernel Socket.
[[0;32m  OK  [0m] Listening on udev Kernel Socket.
[   20.753905] systemd[1]: Mounting Debug File System...
         Mounting Debug File System...
[   20.793987] systemd[1]: Starting Create list of required static device nodes for the current kernel...
         Starting Create list of required st... nodes for the current kernel...
[   20.873232] systemd[1]: Mounting Huge Pages File System...
         Mounting Huge Pages File System...
[   20.894563] systemd[1]: Listening on Syslog Socket.
[[0;32m  OK  [0m] Listening on Syslog Socket.
[   20.957601] systemd[1]: Listening on LVM2 metadata daemon socket.
[[0;32m  OK  [0m] Listening on LVM2 metadata daemon socket.
[   21.005654] systemd[1]: Starting Uncomplicated firewall...
         Starting Uncomplicated firewall...
[   21.031854] systemd[1]: Started Forward Password Requests to Wall Directory Watch.
[[0;32m  OK  [0m] Started Forward Password Requests to Wall Directory Watch.
[   21.061292] systemd[1]: Mounting POSIX Message Queue File System...
         Mounting POSIX Message Queue File System...
[   21.076455] systemd[1]: Starting Journal Service...
         Starting Journal Service...
[   21.088803] systemd[1]: Reached target Swap.
[[0;32m  OK  [0m] Reached target Swap.
[   21.117411] systemd[1]: Starting Load Kernel Modules...
         Starting Load Kernel Modules...
[   21.128481] systemd[1]: Starting Monitoring of LVM2 mirrors, snapshots etc. using dmeventd or progress polling...
         Starting Monitoring of LVM2 mirrors... dmeventd or progress polling...
[   21.146902] Loading iSCSI transport class v2.0-870.
[   21.147597] systemd[1]: Mounted POSIX Message Queue File System.
[[0;32m  OK  [0m] Mounted POSIX[   21.194949] iscsi: registered transport (tcp)
 Message Queue File System.
[   21.293385] systemd[1]: Mounted Huge Pages File System.
[[0;32m  OK  [0[   21.313839] iscsi: registered transport (iser)
m] Mounted Huge Pages File System.
[   21.345778] systemd[1]: Mounted Debug File System.
[[0;32m  OK  [0m] Mounted Debug File System.
[   21.397621] systemd[1]: Started Journal Service.
[[0;32m  OK  [0m] Started Journal Service.
[[0;32m  OK  [0m] Started Remount Root and Kernel File Systems.
[[0;32m  OK  [0m] Started Set console keymap.
[[0;32m  OK  [0m] Started Create list of required sta...ce nodes for the current kernel.
[[0;32m  OK  [0m] Started Uncomplicated firewall.
[[0;32m  OK  [0m] Started Load Kernel Modules.
[[0;32m  OK  [0m] Started Nameserver information manager.
[[0;32m  OK  [0m] Started LVM2 metadata daemon.
         Starting Apply Kernel Variables...
         Mounting FUSE Control File System...
         Starting Create Static Device Nodes in /dev...
         Starting Load/Save Random Seed...
         Starting udev Coldplug all Devices...
         Starting Initial cloud-init job (pre-networking)...
         Starting Flush Journal to Persistent Storage...
[[0;32m  OK  [0m] Mounted FUSE Control File System.
[[0;32m  OK  [0m] Started Monitoring of LVM2 mirrors,...ng dmeventd or progress polling.
[[0;32m  OK  [0m] Started Apply Kernel Variables.
[[0;32m  OK  [0m] Started Create Static Device Nodes in /dev.
[[0;32m  OK  [0m] Started Load/Save Random Seed.
[[0;32m  OK  [0m] Started udev Coldplug all Devices.
[[0;32m  OK  [0m] Started Flush Journal to Persistent Storage.
         Starting udev Kernel Device Manager...
[[0;32m  OK  [0m] Started udev Kernel Device Manager.
[[0;32m  OK  [0m] Reached target Local File Systems (Pre).
[[0;32m  OK  [0m] Reached target Local File Systems.
         Starting Tell Plymouth To Write Out Runtime Data...
         Starting Set console font and keymap...
         Starting Commit a transient machine-id on disk...
         Starting LSB: AppArmor initialization...
         Starting Create Volatile Files and Directories...
[[0;32m  OK  [0m] Started Dispatch Password Requests to Console Directory Watch.
[[0;32m  OK  [0m] Started Tell Plymouth To Write Out Runtime Data.
[[0;32m  OK  [0m] Started Commit a transient machine-id on disk.
[[0;32m  OK  [0m] Started Create Volatile Files and Directories.
         Starting Update UTMP about System Boot/Shutdown...
[[0;32m  OK  [0m] Reached target System Time Synchronized.
[[0;32m  OK  [0m] Started Update UTMP about System Boot/Shutdown.
[[0;32m  OK  [0m] Found device /dev/ttyS0.
[[0;32m  OK  [0m] Listening on Load/Save RF Kill Switch Status /dev/rfkill Watch.
[   18.134925] cloud-init[451]: Cloud-init v. 0.7.9 running 'init-local' at Thu, 17 Aug 2017 11:13:44 +0000. Up 17.64 seconds.
[[0;32m  OK  [0m] Started Initial cloud-init job (pre-networking).
[[0;32m  OK  [0m] Started LSB: AppArmor initialization.
[[0;32m  OK  [0m] Reached target Network (Pre).
         Starting Raise network interfaces...
[[0;32m  OK  [0m] Started Set console font and keymap.
[[0;32m  OK  [0m] Created slice system-getty.slice.
[[0;32m  OK  [0m] Started Raise network interfaces.
         Starting Initial cloud-init job (metadata service crawler)...
[[0;32m  OK  [0m] Reached target Network.
[   21.391584] cloud-init[941]: Cloud-init v. 0.7.9 running 'init' at Thu, 17 Aug 2017 11:13:47 +0000. Up 20.66 seconds.
[   21.428837] cloud-init[941]: ci-info: ++++++++++++++++++++++++++++++++++++++Net device info++++++++++++++++++++++++++++++++++++++
[   21.505171] [[0;32m  OK  [0m] Started Initial cloud-init job (metadata service crawler).
cloud-init[941]: ci-info: +--------+-------+----------------------------+---------------+-------+-------------------+
[   21.653167] cloud-init[941]: ci-info: | Device |   Up  |          Address           |      Mask     | Scope |     Hw-Address    |
[[0;32m  OK  [0m] Reached target System Initialization.
[[0;32m  OK  [0m] Started Timer to automatically refresh installed snaps.
[[0;32m  OK  [0m] Listening on ACPID Listen Socket.
[   21.654404] cloud-init[941]: ci-info: +--------+-------+----------------------------+---------------+-------+-------------------+
[   21.851263] cloud-init[941]: ci-info: |   lo   |  True |         127.0.0.1          |   255.0.0.0   |   .   |         .         |
         Starting LXD - unix socket.
[   21.852619]          cloud-initStarting Socket activation for snappy daemon.[941]: 
ci-info: |   lo   |  True |          ::1/128           |       .       |  host |         .         |
[   22.033018] [cloud-init[0;32m  OK  [0m[941]: ] ci-info: | enp0s8 | False |             .              |       .       |   .   | 08:00:27:a1:8a:64 |Started ACPI Events Check.

[   22.166322] [cloud-init[0;32m  OK  [0m[941]: ] ci-info: | enp0s3 |  True |         10.0.2.15          | 255.255.255.0 |   .   | 02:c0:e2:3c:71:11 |Reached target Paths.

[[0;32m  OK  [0m] Listening on UUID daemon activation socket.
[[0;32m  OK  [0m] Started Daily Cleanup of Temporary Directories.
[   22.167101] cloud-init[941]: ci-info: | enp0s3 |  True | fe80::c0:e2ff:fe3c:7111/64 |       .       |  link | 02:c0:e2:3c:71:11 |
[   22.348549] [cloud-init[0;32m  OK  [0m[941]: ] ci-info: +--------+-------+----------------------------+---------------+-------+-------------------+Listening on D-Bus System Message Bus Socket.

[   22.349362] [cloud-init[0;32m  OK  [0m[941]: ] ci-info: +++++++++++++++++++++++++++Route IPv4 info++++++++++++++++++++++++++++Reached target Network is Online.

[   22.652839] [cloud-init[0;32m  OK  [0m[941]: ] ci-info: +-------+-------------+----------+---------------+-----------+-------+Started Daily apt download activities.

[   22.654046] [cloud-init[0;32m  OK  [0m[941]: ] ci-info: | Route | Destination | Gateway  |    Genmask    | Interface | Flags |Started Daily apt upgrade and clean activities.

[   22.812663] [cloud-init[0;32m  OK  [0m[941]: ] ci-info: +-------+-------------+----------+---------------+-----------+-------+Reached target Timers.

         Starting iSCSI initiator daemon (iscsid)...
[[0;32m  OK  [0m] Reached target Cloud-config availability.
[   22.848915] cloud-init[941]: ci-info: |   0   |   0.0.0.0   | 10.0.2.2 |    0.0.0.0    |   enp0s3  |   UG  |
[[0;32m  OK  [0m] Listening on LXD - unix socket.
[   22.917091] [cloud-init[0;32m  OK  [0m[941]: ] ci-info: |   1   |   10.0.2.0  | 0.0.0.0  | 255.255.255.0 |   enp0s3  |   U   |Listening on Socket activation for snappy daemon.

[   22.946134] cloud-init[941]: ci-info: +-------+-------------+----------+---------------+-----------+-------+
[[0;32m  OK  [0m] Started iSCSI initiator daemon (iscsid).
[   23.074475] cloud-init[941]: Generating public/private rsa key pair.
[   23.129761]          cloud-initStarting Login to default iSCSI targets...[941]: 
Your identification has been saved in /etc/ssh/ssh_host_rsa_key.
[   23.180853] [cloud-init[0;32m  OK  [0m[941]: ] Your public key has been saved in /etc/ssh/ssh_host_rsa_key.pub.Reached target Sockets.

[   23.212699] [cloud-init[0;32m  OK  [0m[941]: ] The key fingerprint is:Reached target Basic System.

[   23.240868]          cloud-initStarting Pollinate to seed the pseudo random number generator...[941]: 
SHA256:OPE+9TQ9aJwxZlGFTW7imMvn0Upj76oNBPS1tP0SAho root@ubuntu-xenial
[   23.242009] cloud-init[941]: The key's randomart image is:
[   23.416932] cloud-init[941]: +---[RSA 2048]----+
[   23.417940] cloud-init[941]: |        E o ..+=o|
[   23.418042] cloud-init[941]: |         + o +.=.|
[   23.418117] cloud-init[941]: |      . . . B = +|
[   23.418185] cloud-init[941]: |       +   = @ +.|
[   23.418379] cloud-init[941]: |      o S . @ = .|
[   23.418488] cloud-init[941]: |       o . * o + |
         Starting System Logging Service...
[   23.418570] cloud-init[941]: |        o   = * .|
[   23.581277] cloud-init[941]: |         .   B = |
[[0;32m  OK  [0m] Started ACPI event daemon.
[   23.582841] cloud-init[941]: |            ..=oo|
[[0;32m  OK  [0m] Started Unattended Upgrades Shutdown.
[   23.637587] cloud-init[941]: +----[SHA256]-----+
[   23.714693] cloud-init[941]: Generating public/private dsa key pair.
         Starting Accounts Service...
[   23.716655] cloud-init[941]: Your identification has been saved in /etc/ssh/ssh_host_dsa_key.
[   23.796512] cloud-init[941]: Your public key has been saved in /etc/ssh/ssh_host_dsa_key.pub.
[   23.821839] cloud-init[941]: The key fingerprint is:
[   23.823164] cloud-init[941]: SHA256:lFhXEn9MvD7+WjTElB0uTg2GwMBQDLAqguASCa/9W2Q root@ubuntu-xenial
         Starting /etc/rc.local Compatibility...
[   23.823708] cloud-init[941]: The key's randomart image is:
[   23.916591] cloud-init[941]: +---[DSA 1024]----+
[[0;32m  OK  [0m] Started D-Bus System Message Bus.
[   23.917674] cloud-init[941]: |.  ..o*o+.=oo+.o+|
[   23.950375] cloud-init[941]: |.o  .  = + +.oB..|
[   23.954291] cloud-init[941]: |+ ..  . o   .oo* |
[   23.973790]          cloud-initStarting Apply the settings specified in cloud-config...[941]: 
|++.    .    o.+  |
         Starting LSB: Record successful boot for GRUB...
[   24.003610] cloud-init[941]: |*o.   E S    o ..|
[   24.096994] [cloud-init[0;32m  OK  [0m[941]: ] |+  . o        o..|Started Deferred execution scheduler.

[   24.097855] cloud-init[941]: |    . .      . ..|
[   24.153243] cloud-init[941]: |     o        .. |
[[0;32m  OK  [0m] Started FUSE filesystem for LXC.
[   24.173127] cloud-init[941]: |    .         .o.|
[[0;32m  OK  [0m] Started Regular background program processing daemon.
[   24.193800] cloud-init[941]: +----[SHA256]-----+
         Starting Login Service...
         Starting LSB: MD monitoring daemon...
[   24.227051] cloud-init[941]: Generating public/private ecdsa key pair.
[   24.274599] cloud-init[941]: Your identification has been saved in /etc/ssh/ssh_host_ecdsa_key.
[[0;32m  OK  [0m] Started Snappy daemon.
[   24.306391] cloud-init[941]: Your public key has been saved in /etc/ssh/ssh_host_ecdsa_key.pub.
         Starting Auto import assertions from block devices...
         Starting LXD - container startup/shutdown...
[[0;32m  OK  [0m] Started System Logging Service.
[[0;32m  OK  [0m] Started Pollinate to seed the pseudo random number generator.
[[0;32m  OK  [0m] Started /etc/rc.local Compatibility.
[[0;32m  OK  [0m] Started Auto import assertions from block devices.
[[0;32m  OK  [0m] Started LXD - container startup/shutdown.
[   24.341279] cloud-init[941]: The key fingerprint is:
[   24.462644] cloud-init[941]: SHA256:RO2ocLKnkg+GAr217wB+W/hy18jkgQDCjku+EU84obY root@ubuntu-xenial
[   24.520121] cloud-init[941]: The key's randomart image is:
[   24.537698] cloud-init[941]: +---[ECDSA 256]---+
[   24.548974] cloud-init[941]: |.       ..       |
[[0;32m  OK  [0m] Started Login to default iSCSI targets.
[   24.568445] cloud-init[941]: |.o.    .  .      |
[   24.620647] cloud-init[941]: |+.o.    .o       |
[[0;32m  OK  [0m] Started LSB: Record successful boot for GRUB.
[   24.681493] cloud-init[941]: |oO .+ ... .      |
[   24.682297] cloud-init[941]: |=.O .* oS        |
[   24.773007] cloud-init[941]: |oE =.o+ o        |
[   24.781073] cloud-init[941]: |o B.=o.+ +       |
[   24.798487] cloud-init[941]: |.oooo*. = .      |
[[0;32m  OK  [0m] Started LSB: MD monitoring daemon.
[   24.810411] cloud-init[941]: |   oo++.         |
[   24.857279] [cloud-init[0;32m  OK  [0m[941]: ] +----[SHA256]-----+Started Login Service.

[   24.883116] cloud-init[941]: Generating public/private ed25519 key pair.
         Starting Authenticate and Authorize Users to Run Privileged Tasks...
[[0;32m  OK  [0m] Reached target Remote File Systems (Pre).
[[0;32m  OK  [0m] Reached target Remote File Systems.
[   24.907209] cloud-init[941]: Your identification has been saved in /etc/ssh/ssh_host_ed25519_key.
         Starting Permit User Sessions...
[   25.028339] cloud-init[941]: Your public key has been saved in /etc/ssh/ssh_host_ed25519_key.pub.
         Starting LSB: Set the CPU Frequency Scaling governor to "ondemand"...
[   25.077062] cloud-init[941]: The key fingerprint is:
[   25.112118] cloud-init[941]: SHA256:d9QpoYpbtKY7033qOtxtwG2bopQQoAk1nB/u3eatIB0 root@ubuntu-xenial
         Starting LSB: automatic crash report generation...
         Starting LSB: daemon to balance interrupts for SMP systems...
         Starting LSB: VirtualBox Linux Additions...
[   25.136942] cloud-init[941]: The key's randomart image is:
         Starting OpenBSD Secure Shell server...
[[0;32m  OK  [0m] Started Permit User Sessions.
[[0;32m  OK  [0m] Started Authenticate and Authorize Users to Run Privileged Tasks.
[   25.174579] cloud-init[941]: +--[ED25519 256]--+
[[0;32m  OK  [0m] Started Accounts Service.
[   25.223831] cloud-init[941]: |.oo..       .    |
[   25.241111] cloud-init[941]: | .o+..     . o . |
[[0;32m  OK  [0m] Started OpenBSD Secure Shell server.
[   25.257967] cloud-init[941]: |  oo .. . . o o  |
[[0;32m  OK  [0m] Started LSB: Set the CPU Frequency Scaling governor to "ondemand".
[[0;32m  OK  [0m] Started LSB: automatic crash report generation.
[   25.303501] cloud-init[941]: |    o  + o . .   |
[   25.363872] cloud-init[941]: |   . .E.S....    |
[   25.385868] cloud-init[941]: |    ...Booo.o    |
         Starting Hold until boot process finishes up...
[   25.418038] cloud-init[941]: |    . ==o+ + o   |
[   25.480957] cloud-init[941]: |     .o+= = *    |
         Starting Terminate Plymouth Boot Screen...
[   25.483525] cloud-init[941]: |      .o+*o=     |
[   25.508901] [cloud-init[0;32m  OK  [0m[941]: ] +----[SHA256]-----+Started LSB: daemon to balance interrupts for SMP systems.

[[0;32m  OK  [0m] Started Hold until boot process finishes up.
[[0;32m  OK  [0m] Started LSB: VirtualBox Linux Additions.
[[0;32m  OK  [0m] Started Terminate Plymouth Boot Screen.
[   25.597386] cloud-init[1111]: Generating locales (this might take a while)...
[[0;32m  OK  [0m] Started Serial Getty on ttyS0.
         Starting Set console scheme...
[[0;32m  OK  [0m] Started Getty on tty1.
[[0;32m  OK  [0m] Reached target Login Prompts.
[[0;32m  OK  [0m] Reached target Multi-User System.
[[0;32m  OK  [0m] Reached target Graphical Interface.
         Starting Update UTMP about System Runlevel Changes...
[[0;32m  OK  [0m] Started Set console scheme.
[[0;32m  OK  [0m] Started Update UTMP about System Runlevel Changes.
[   27.391953] cloud-init[1111]:   en_US.UTF-8... done
[   27.424607] cloud-init[1111]: Generation complete.
         Stopping OpenBSD Secure Shell server...
[[0;32m  OK  [0m] Stopped OpenBSD Secure Shell server.
         Starting OpenBSD Secure Shell server...
[[0;32m  OK  [0m] Started OpenBSD Secure Shell server.
[[0;32m  OK  [0m] Created slice User Slice of ubuntu.
         Starting User Manager for UID 1000...
[[0;32m  OK  [0m] Started User Manager for UID 1000.
[[0;32m  OK  [0m] Started Session 1 of user ubuntu.
[   28.089155] cloud-init[1111]: Cloud-init v. 0.7.9 running 'modules:config' at Thu, 17 Aug 2017 11:13:51 +0000. Up 25.21 seconds.
[[0;32m  OK  [0m] Started Apply the settings specified in cloud-config.
         Starting Execute cloud user/final scripts...
ci-info: no authorized ssh keys fingerprints found for user ubuntu.
<14>Aug 17 11:13:55 ec2: 
<14>Aug 17 11:13:55 ec2: #############################################################
<14>Aug 17 11:13:55 ec2: -----BEGIN SSH HOST KEY FINGERPRINTS-----
<14>Aug 17 11:13:55 ec2: 1024 SHA256:lFhXEn9MvD7+WjTElB0uTg2GwMBQDLAqguASCa/9W2Q root@ubuntu-xenial (DSA)
<14>Aug 17 11:13:55 ec2: 256 SHA256:RO2ocLKnkg+GAr217wB+W/hy18jkgQDCjku+EU84obY root@ubuntu-xenial (ECDSA)
<14>Aug 17 11:13:55 ec2: 256 SHA256:d9QpoYpbtKY7033qOtxtwG2bopQQoAk1nB/u3eatIB0 root@ubuntu-xenial (ED25519)
<14>Aug 17 11:13:55 ec2: 2048 SHA256:OPE+9TQ9aJwxZlGFTW7imMvn0Upj76oNBPS1tP0SAho root@ubuntu-xenial (RSA)
<14>Aug 17 11:13:55 ec2: -----END SSH HOST KEY FINGERPRINTS-----
<14>Aug 17 11:13:55 ec2: #############################################################
-----BEGIN SSH HOST KEY KEYS-----
ecdsa-sha2-nistp256 AAAAE2VjZHNhLXNoYTItbmlzdHAyNTYAAAAIbmlzdHAyNTYAAABBBF7uGZTdpZKf3qifDsB1kBiiIDprJUYofxFqBwW5ivs7Juy9y/hS1tAoqylStSQfE0ZtNvFO+Zz2/EPHbL7t6Ug= root@ubuntu-xenial
ssh-ed25519 AAAAC3NzaC1lZDI1NTE5AAAAIHLowUlS9Xei9fGyby2SNxvYROXG3btayhwqpG9wFjax root@ubuntu-xenial
ssh-rsa AAAAB3NzaC1yc2EAAAADAQABAAABAQC6oB/mpljncqagRmnCLJO0dzJCT0+RSA3rYMWo9Rh5xsRl2uNg34wAORyjTUim74tGw2ZpkCAc5jns0gl4H+6DG9Km6voefKtsZ+cqfa2wVzd+DT1UDKteUuC0GkYx4PaBVqz/d/l2ElT8O4erQjUUBQ7B1RvtlKt/x+mW6wRcrA1aW5fTwFcao0Vh1gaJBfZFPMXPGMAIKphCYchovFQnRYLr2OM21FjXMQ4x9PBjf2Y+iNbMuhfcCK3bh7Al63vD/ZQ6Cim+1qwdLH7Jvdj3WRJhL+MJIhi3WDacB69TT92wnZiQQDYcixlrwX3Z1C3wrjkjgw45VfhDNYV4DDtD root@ubuntu-xenial
-----END SSH HOST KEY KEYS-----
[   29.840544] cloud-init[1389]: Cloud-init v. 0.7.9 running 'modules:final' at Thu, 17 Aug 2017 11:13:55 +0000. Up 28.91 seconds.
[   29.862346] cloud-init[1389]: ci-info: no authorized ssh keys fingerprints found for user ubuntu.
[   29.876428] cloud-init[1389]: Cloud-init v. 0.7.9 finished at Thu, 17 Aug 2017 11:13:56 +0000. Datasource DataSourceNoCloud [seed=/dev/sdb][dsmode=net].  Up 29.82 seconds
[[0;32m  OK  [0m] Started Execute cloud user/final scripts.
[[0;32m  OK  [0m] Reached target Cloud-init target.

Ubuntu 16.04.3 LTS ubuntu-xenial ttyS0

ubuntu-xenial login: 